[debug] [2023-06-17T11:50:44.380Z] ----------------------------------------------------------------------
[debug] [2023-06-17T11:50:44.383Z] Command:       C:\Program Files\nodejs\node.exe C:\Users\faujibryant\AppData\Roaming\npm\node_modules\firebase-tools\lib\bin\firebase.js init
[debug] [2023-06-17T11:50:44.384Z] CLI Version:   12.4.0
[debug] [2023-06-17T11:50:44.384Z] Platform:      win32
[debug] [2023-06-17T11:50:44.384Z] Node Version:  v20.1.0
[debug] [2023-06-17T11:50:44.384Z] Time:          Sat Jun 17 2023 17:20:44 GMT+0530 (India Standard Time)
[debug] [2023-06-17T11:50:44.384Z] ----------------------------------------------------------------------
[debug] 
[debug] [2023-06-17T11:50:44.388Z] >>> [apiv2][query] GET https://firebase-public.firebaseio.com/cli.json [none]
[debug] [2023-06-17T11:50:44.449Z] > command requires scopes: ["email","openid","https://www.googleapis.com/auth/cloudplatformprojects.readonly","https://www.googleapis.com/auth/firebase","https://www.googleapis.com/auth/cloud-platform"]
[debug] [2023-06-17T11:50:44.449Z] > authorizing via signed-in user (ysmworking@gmail.com)
[info] 
     ######## #### ########  ######## ########     ###     ######  ########
     ##        ##  ##     ## ##       ##     ##  ##   ##  ##       ##
     ######    ##  ########  ######   ########  #########  ######  ######
     ##        ##  ##    ##  ##       ##     ## ##     ##       ## ##
     ##       #### ##     ## ######## ########  ##     ##  ######  ########

You're about to initialize a Firebase project in this directory:

  D:\Frontend\Tests for companies\We Code For You\wcfy

[debug] [2023-06-17T11:50:45.094Z] <<< [apiv2][status] GET https://firebase-public.firebaseio.com/cli.json 200
[debug] [2023-06-17T11:50:45.095Z] <<< [apiv2][body] GET https://firebase-public.firebaseio.com/cli.json {"cloudBuildErrorAfter":1594252800000,"cloudBuildWarnAfter":1590019200000,"defaultNode10After":1594252800000,"minVersion":"3.0.5","node8DeploysDisabledAfter":1613390400000,"node8RuntimeDisabledAfter":1615809600000,"node8WarnAfter":1600128000000}
